{"ts": "2026-05-04T09:12:14.266770+00:00", "level": "INFO", "logger": "backtest_okx_mhf", "message": "Applied temporary strategy setting overrides", "event": "backtest.strategy_setting_override", "fields": {"setting_overrides": {"entry_filter_tag": "weekdays_only", "entry_weekday_allowlist": "0,1,2,3,4"}}}
{"ts": "2026-05-04T09:12:14.267068+00:00", "level": "INFO", "logger": "backtest_okx_mhf", "message": "Filled strategy placeholders from instrument metadata / CLI capital", "event": "backtest.strategy_setting_filled", "fields": {"replacements": {"contract_size": 0.01, "min_volume": 0.01, "pricetick": 0.1}}}
{"ts": "2026-05-04T09:12:14.268496+00:00", "level": "INFO", "logger": "backtest_okx_mhf", "message": "Configured vn.py database settings for sqlite", "event": "backtest.db_settings", "fields": {"database_name": "sqlite", "database_database": "database.db"}}
Backtest data check:
{
  "vt_symbol": "BTCUSDT_SWAP_OKX.GLOBAL",
  "interval": "1m",
  "timezone": "Asia/Shanghai",
  "start": "2026-01-01T00:00:00+08:00",
  "end_exclusive": "2026-04-01T00:00:00+08:00",
  "end_display": "2026-03-31T23:59:00+08:00",
  "start_utc": "2025-12-31T16:00:00+00:00",
  "end_exclusive_utc": "2026-03-31T16:00:00+00:00",
  "total_count": 129600,
  "first_dt": "2026-01-01T00:00:00+08:00",
  "last_dt": "2026-03-31T23:59:00+08:00",
  "first_dt_utc": "2025-12-31T16:00:00+00:00",
  "last_dt_utc": "2026-03-31T15:59:00+00:00",
  "expected_count": 129600,
  "missing_count": 0,
  "gap_count": 0,
  "largest_gap": null,
  "missing_ranges": [],
  "repair_command": "python scripts/download_okx_history.py --vt-symbol BTCUSDT_SWAP_OKX.GLOBAL --interval 1m --start 2026-01-01 --end 2026-03-31 --chunk-days 3 --timezone Asia/Shanghai --resume --repair-missing --source auto",
  "skipped": false,
  "strict": true
}
{"ts": "2026-05-04T09:12:19.349053+00:00", "level": "INFO", "logger": "backtest_okx_mhf", "message": "Backtest data check passed", "event": "backtest.data_check_complete", "fields": {"total_count": 129600}}
{"ts": "2026-05-04T09:12:19.350131+00:00", "level": "INFO", "logger": "backtest_okx_mhf", "message": "Starting backtest", "event": "backtest.start", "fields": {"vt_symbol": "BTCUSDT_SWAP_OKX.GLOBAL", "timezone": "Asia/Shanghai", "start": "2026-01-01T00:00:00+08:00", "end_exclusive": "2026-04-01T00:00:00+08:00", "end_display": "2026-03-31T23:59:00+08:00", "engine_start": "2026-01-01T00:00:00", "engine_end": "2026-03-31T23:59:00", "capital": 5000.0, "rate": 0.0005, "absolute_slippage": 0.2, "size": 0.01, "pricetick": 0.1, "min_volume": 0.01}}
{"ts": "2026-05-04T09:12:19.350455+00:00", "level": "INFO", "logger": "backtest_okx_mhf", "message": "开始加载历史数据", "event": "backtest.engine"}
{"ts": "2026-05-04T09:12:19.350661+00:00", "level": "INFO", "logger": "backtest_okx_mhf", "message": "加载进度：# [0%]", "event": "backtest.engine"}
{"ts": "2026-05-04T09:12:19.694260+00:00", "level": "INFO", "logger": "backtest_okx_mhf", "message": "加载进度：# [9%]", "event": "backtest.engine"}
{"ts": "2026-05-04T09:12:20.012779+00:00", "level": "INFO", "logger": "backtest_okx_mhf", "message": "加载进度：## [18%]", "event": "backtest.engine"}
{"ts": "2026-05-04T09:12:20.400298+00:00", "level": "INFO", "logger": "backtest_okx_mhf", "message": "加载进度：### [27%]", "event": "backtest.engine"}
{"ts": "2026-05-04T09:12:20.718508+00:00", "level": "INFO", "logger": "backtest_okx_mhf", "message": "加载进度：#### [36%]", "event": "backtest.engine"}
{"ts": "2026-05-04T09:12:21.084097+00:00", "level": "INFO", "logger": "backtest_okx_mhf", "message": "加载进度：##### [45%]", "event": "backtest.engine"}
{"ts": "2026-05-04T09:12:21.470593+00:00", "level": "INFO", "logger": "backtest_okx_mhf", "message": "加载进度：###### [54%]", "event": "backtest.engine"}
{"ts": "2026-05-04T09:12:21.818656+00:00", "level": "INFO", "logger": "backtest_okx_mhf", "message": "加载进度：####### [63%]", "event": "backtest.engine"}
{"ts": "2026-05-04T09:12:22.227231+00:00", "level": "INFO", "logger": "backtest_okx_mhf", "message": "加载进度：######## [72%]", "event": "backtest.engine"}
{"ts": "2026-05-04T09:12:22.557664+00:00", "level": "INFO", "logger": "backtest_okx_mhf", "message": "加载进度：######### [81%]", "event": "backtest.engine"}
{"ts": "2026-05-04T09:12:22.947456+00:00", "level": "INFO", "logger": "backtest_okx_mhf", "message": "加载进度：######### [90%]", "event": "backtest.engine"}
{"ts": "2026-05-04T09:12:23.388155+00:00", "level": "INFO", "logger": "backtest_okx_mhf", "message": "加载进度：########## [99%]", "event": "backtest.engine"}
{"ts": "2026-05-04T09:12:23.476230+00:00", "level": "INFO", "logger": "backtest_okx_mhf", "message": "历史数据加载完成，数据量：129600", "event": "backtest.engine"}
{"ts": "2026-05-04T09:12:24.445375+00:00", "level": "INFO", "logger": "backtest_okx_mhf", "message": "策略初始化完成", "event": "backtest.engine"}
{"ts": "2026-05-04T09:12:24.445598+00:00", "level": "INFO", "logger": "backtest_okx_mhf", "message": "开始回放历史数据", "event": "backtest.engine"}
{"ts": "2026-05-04T09:12:24.930267+00:00", "level": "INFO", "logger": "backtest_okx_mhf", "message": "回放进度：= [0%]", "event": "backtest.engine"}
{"ts": "2026-05-04T09:12:25.386323+00:00", "level": "INFO", "logger": "backtest_okx_mhf", "message": "回放进度：== [10%]", "event": "backtest.engine"}
{"ts": "2026-05-04T09:12:25.855736+00:00", "level": "INFO", "logger": "backtest_okx_mhf", "message": "回放进度：=== [20%]", "event": "backtest.engine"}
{"ts": "2026-05-04T09:12:26.349553+00:00", "level": "INFO", "logger": "backtest_okx_mhf", "message": "回放进度：==== [30%]", "event": "backtest.engine"}
{"ts": "2026-05-04T09:12:26.823791+00:00", "level": "INFO", "logger": "backtest_okx_mhf", "message": "回放进度：===== [40%]", "event": "backtest.engine"}
{"ts": "2026-05-04T09:12:27.289007+00:00", "level": "INFO", "logger": "backtest_okx_mhf", "message": "回放进度：====== [50%]", "event": "backtest.engine"}
{"ts": "2026-05-04T09:12:27.762639+00:00", "level": "INFO", "logger": "backtest_okx_mhf", "message": "回放进度：======= [60%]", "event": "backtest.engine"}
{"ts": "2026-05-04T09:12:28.264100+00:00", "level": "INFO", "logger": "backtest_okx_mhf", "message": "回放进度：======== [70%]", "event": "backtest.engine"}
{"ts": "2026-05-04T09:12:28.750074+00:00", "level": "INFO", "logger": "backtest_okx_mhf", "message": "回放进度：========= [80%]", "event": "backtest.engine"}
{"ts": "2026-05-04T09:12:29.233625+00:00", "level": "INFO", "logger": "backtest_okx_mhf", "message": "回放进度：========== [90%]", "event": "backtest.engine"}
{"ts": "2026-05-04T09:12:29.233890+00:00", "level": "INFO", "logger": "backtest_okx_mhf", "message": "历史数据回放结束", "event": "backtest.engine"}
{"ts": "2026-05-04T09:12:29.234243+00:00", "level": "INFO", "logger": "backtest_okx_mhf", "message": "开始计算逐日盯市盈亏", "event": "backtest.engine"}
{"ts": "2026-05-04T09:12:29.238136+00:00", "level": "INFO", "logger": "backtest_okx_mhf", "message": "逐日盯市盈亏计算完成", "event": "backtest.engine"}
{"ts": "2026-05-04T09:12:29.248863+00:00", "level": "INFO", "logger": "backtest_okx_mhf", "message": "开始计算策略统计指标", "event": "backtest.engine"}
{"ts": "2026-05-04T09:12:29.254026+00:00", "level": "INFO", "logger": "backtest_okx_mhf", "message": "策略统计指标计算完成", "event": "backtest.engine"}
Backtest summary:
{
  "warning": "标准 vn.py CTA BacktestingEngine 未自动计入 OKX perpetual funding fee，本结果仅包含价格盈亏、手续费、滑点等常规项。",
  "output_dir": "/home/yiast/vnpy_projects/cta_strategy/reports/ablation/oos/candidates/05_weekdays_only/cost",
  "bankrupt": false,
  "statistics_valid": true,
  "invalid_reason": null,
  "first_bankrupt_date": null,
  "min_balance": 4991.5529302899995,
  "final_balance": 4991.5529302899995,
  "engine_trade_count": 1144,
  "closed_round_trip_count": 572,
  "order_count": 1162,
  "total_net_pnl": -8.44706971000006,
  "annual_return": -0.45051038453334985,
  "max_drawdown": -8.224710525000773,
  "max_ddpercent": -0.16450152618507421,
  "sharpe_ratio": -11.560905717885586,
  "return_drawdown_ratio": -1.026989828714032,
  "win_rate": 32.86713286713287,
  "profit_loss_ratio": 1.2210248827854464,
  "statistics_total_trade_count": 1144,
  "export_errors": {}
}
