{"ts": "2026-05-04T08:50:08.250907+00:00", "level": "INFO", "logger": "backtest_okx_mhf", "message": "Applied temporary strategy setting overrides", "event": "backtest.strategy_setting_override", "fields": {"setting_overrides": {"entry_filter_tag": "baseline"}}}
{"ts": "2026-05-04T08:50:08.251248+00:00", "level": "INFO", "logger": "backtest_okx_mhf", "message": "Filled strategy placeholders from instrument metadata / CLI capital", "event": "backtest.strategy_setting_filled", "fields": {"replacements": {"contract_size": 0.01, "min_volume": 0.01, "pricetick": 0.1}}}
{"ts": "2026-05-04T08:50:08.253237+00:00", "level": "INFO", "logger": "backtest_okx_mhf", "message": "Configured vn.py database settings for sqlite", "event": "backtest.db_settings", "fields": {"database_name": "sqlite", "database_database": "database.db"}}
Backtest data check:
{
  "vt_symbol": "BTCUSDT_SWAP_OKX.GLOBAL",
  "interval": "1m",
  "timezone": "Asia/Shanghai",
  "start": "2025-01-01T00:00:00+08:00",
  "end_exclusive": "2025-10-01T00:00:00+08:00",
  "end_display": "2025-09-30T23:59:00+08:00",
  "start_utc": "2024-12-31T16:00:00+00:00",
  "end_exclusive_utc": "2025-09-30T16:00:00+00:00",
  "total_count": 393120,
  "first_dt": "2025-01-01T00:00:00+08:00",
  "last_dt": "2025-09-30T23:59:00+08:00",
  "first_dt_utc": "2024-12-31T16:00:00+00:00",
  "last_dt_utc": "2025-09-30T15:59:00+00:00",
  "expected_count": 393120,
  "missing_count": 0,
  "gap_count": 0,
  "largest_gap": null,
  "missing_ranges": [],
  "repair_command": "python scripts/download_okx_history.py --vt-symbol BTCUSDT_SWAP_OKX.GLOBAL --interval 1m --start 2025-01-01 --end 2025-09-30 --chunk-days 3 --timezone Asia/Shanghai --resume --repair-missing --source auto",
  "skipped": false,
  "strict": true
}
{"ts": "2026-05-04T08:50:24.457379+00:00", "level": "INFO", "logger": "backtest_okx_mhf", "message": "Backtest data check passed", "event": "backtest.data_check_complete", "fields": {"total_count": 393120}}
{"ts": "2026-05-04T08:50:24.459254+00:00", "level": "INFO", "logger": "backtest_okx_mhf", "message": "Starting backtest", "event": "backtest.start", "fields": {"vt_symbol": "BTCUSDT_SWAP_OKX.GLOBAL", "timezone": "Asia/Shanghai", "start": "2025-01-01T00:00:00+08:00", "end_exclusive": "2025-10-01T00:00:00+08:00", "end_display": "2025-09-30T23:59:00+08:00", "engine_start": "2025-01-01T00:00:00", "engine_end": "2025-09-30T23:59:00", "capital": 5000.0, "rate": 0.0, "absolute_slippage": 0.0, "size": 0.01, "pricetick": 0.1, "min_volume": 0.01}}
{"ts": "2026-05-04T08:50:24.459533+00:00", "level": "INFO", "logger": "backtest_okx_mhf", "message": "开始加载历史数据", "event": "backtest.engine"}
{"ts": "2026-05-04T08:50:24.459674+00:00", "level": "INFO", "logger": "backtest_okx_mhf", "message": "加载进度：# [0%]", "event": "backtest.engine"}
{"ts": "2026-05-04T08:50:25.677706+00:00", "level": "INFO", "logger": "backtest_okx_mhf", "message": "加载进度：# [10%]", "event": "backtest.engine"}
{"ts": "2026-05-04T08:50:26.924170+00:00", "level": "INFO", "logger": "backtest_okx_mhf", "message": "加载进度：## [20%]", "event": "backtest.engine"}
{"ts": "2026-05-04T08:50:28.408180+00:00", "level": "INFO", "logger": "backtest_okx_mhf", "message": "加载进度：### [30%]", "event": "backtest.engine"}
{"ts": "2026-05-04T08:50:29.863273+00:00", "level": "INFO", "logger": "backtest_okx_mhf", "message": "加载进度：#### [40%]", "event": "backtest.engine"}
{"ts": "2026-05-04T08:50:31.318316+00:00", "level": "INFO", "logger": "backtest_okx_mhf", "message": "加载进度：##### [50%]", "event": "backtest.engine"}
{"ts": "2026-05-04T08:50:32.954959+00:00", "level": "INFO", "logger": "backtest_okx_mhf", "message": "加载进度：###### [60%]", "event": "backtest.engine"}
{"ts": "2026-05-04T08:50:34.383329+00:00", "level": "INFO", "logger": "backtest_okx_mhf", "message": "加载进度：####### [69%]", "event": "backtest.engine"}
{"ts": "2026-05-04T08:50:35.909305+00:00", "level": "INFO", "logger": "backtest_okx_mhf", "message": "加载进度：######## [79%]", "event": "backtest.engine"}
{"ts": "2026-05-04T08:50:37.373734+00:00", "level": "INFO", "logger": "backtest_okx_mhf", "message": "加载进度：######### [89%]", "event": "backtest.engine"}
{"ts": "2026-05-04T08:50:39.095014+00:00", "level": "INFO", "logger": "backtest_okx_mhf", "message": "加载进度：########## [99%]", "event": "backtest.engine"}
{"ts": "2026-05-04T08:50:39.636849+00:00", "level": "INFO", "logger": "backtest_okx_mhf", "message": "历史数据加载完成，数据量：393120", "event": "backtest.engine"}
{"ts": "2026-05-04T08:50:39.638227+00:00", "level": "INFO", "logger": "backtest_okx_mhf", "message": "策略初始化完成", "event": "backtest.engine"}
{"ts": "2026-05-04T08:50:39.638420+00:00", "level": "INFO", "logger": "backtest_okx_mhf", "message": "开始回放历史数据", "event": "backtest.engine"}
{"ts": "2026-05-04T08:50:41.916808+00:00", "level": "INFO", "logger": "backtest_okx_mhf", "message": "回放进度：= [0%]", "event": "backtest.engine"}
{"ts": "2026-05-04T08:50:43.849193+00:00", "level": "INFO", "logger": "backtest_okx_mhf", "message": "回放进度：== [10%]", "event": "backtest.engine"}
{"ts": "2026-05-04T08:50:45.652048+00:00", "level": "INFO", "logger": "backtest_okx_mhf", "message": "回放进度：=== [20%]", "event": "backtest.engine"}
{"ts": "2026-05-04T08:50:47.591251+00:00", "level": "INFO", "logger": "backtest_okx_mhf", "message": "回放进度：==== [30%]", "event": "backtest.engine"}
{"ts": "2026-05-04T08:50:49.368170+00:00", "level": "INFO", "logger": "backtest_okx_mhf", "message": "回放进度：===== [40%]", "event": "backtest.engine"}
{"ts": "2026-05-04T08:50:51.315046+00:00", "level": "INFO", "logger": "backtest_okx_mhf", "message": "回放进度：====== [50%]", "event": "backtest.engine"}
{"ts": "2026-05-04T08:50:52.986955+00:00", "level": "INFO", "logger": "backtest_okx_mhf", "message": "回放进度：======= [60%]", "event": "backtest.engine"}
{"ts": "2026-05-04T08:50:54.807535+00:00", "level": "INFO", "logger": "backtest_okx_mhf", "message": "回放进度：======== [70%]", "event": "backtest.engine"}
{"ts": "2026-05-04T08:50:56.797848+00:00", "level": "INFO", "logger": "backtest_okx_mhf", "message": "回放进度：========= [80%]", "event": "backtest.engine"}
{"ts": "2026-05-04T08:50:58.734288+00:00", "level": "INFO", "logger": "backtest_okx_mhf", "message": "回放进度：========== [90%]", "event": "backtest.engine"}
{"ts": "2026-05-04T08:50:58.734645+00:00", "level": "INFO", "logger": "backtest_okx_mhf", "message": "历史数据回放结束", "event": "backtest.engine"}
{"ts": "2026-05-04T08:50:58.736085+00:00", "level": "INFO", "logger": "backtest_okx_mhf", "message": "开始计算逐日盯市盈亏", "event": "backtest.engine"}
{"ts": "2026-05-04T08:50:58.747817+00:00", "level": "INFO", "logger": "backtest_okx_mhf", "message": "逐日盯市盈亏计算完成", "event": "backtest.engine"}
{"ts": "2026-05-04T08:50:58.761424+00:00", "level": "INFO", "logger": "backtest_okx_mhf", "message": "开始计算策略统计指标", "event": "backtest.engine"}
{"ts": "2026-05-04T08:50:58.770329+00:00", "level": "INFO", "logger": "backtest_okx_mhf", "message": "策略统计指标计算完成", "event": "backtest.engine"}
Backtest summary:
{
  "warning": "标准 vn.py CTA BacktestingEngine 未自动计入 OKX perpetual funding fee，本结果仅包含价格盈亏、手续费、滑点等常规项。",
  "output_dir": "/home/yiast/vnpy_projects/cta_strategy/reports/ablation/train/candidates/01_baseline/no_cost",
  "bankrupt": false,
  "statistics_valid": true,
  "invalid_reason": null,
  "first_bankrupt_date": null,
  "min_balance": 4985.46561,
  "final_balance": 4985.77766,
  "engine_trade_count": 4674,
  "closed_round_trip_count": 2337,
  "order_count": 4725,
  "total_net_pnl": -14.222340000000214,
  "annual_return": -0.25006312087912475,
  "max_drawdown": -14.504229999999552,
  "max_ddpercent": -0.29008634980085307,
  "sharpe_ratio": -5.253736613575877,
  "return_drawdown_ratio": -0.9805590652413662,
  "win_rate": 35.98630723149337,
  "profit_loss_ratio": 1.241065895034021,
  "statistics_total_trade_count": 4674,
  "export_errors": {}
}
