{"ts": "2026-05-04T08:55:12.134444+00:00", "level": "INFO", "logger": "backtest_okx_mhf", "message": "Applied temporary strategy setting overrides", "event": "backtest.strategy_setting_override", "fields": {"setting_overrides": {"block_weekend_entries": true, "entry_filter_tag": "no_weekend"}}}
{"ts": "2026-05-04T08:55:12.134735+00:00", "level": "INFO", "logger": "backtest_okx_mhf", "message": "Filled strategy placeholders from instrument metadata / CLI capital", "event": "backtest.strategy_setting_filled", "fields": {"replacements": {"contract_size": 0.01, "min_volume": 0.01, "pricetick": 0.1}}}
{"ts": "2026-05-04T08:55:12.136247+00:00", "level": "INFO", "logger": "backtest_okx_mhf", "message": "Configured vn.py database settings for sqlite", "event": "backtest.db_settings", "fields": {"database_name": "sqlite", "database_database": "database.db"}}
Backtest data check:
{
  "vt_symbol": "BTCUSDT_SWAP_OKX.GLOBAL",
  "interval": "1m",
  "timezone": "Asia/Shanghai",
  "start": "2025-01-01T00:00:00+08:00",
  "end_exclusive": "2025-10-01T00:00:00+08:00",
  "end_display": "2025-09-30T23:59:00+08:00",
  "start_utc": "2024-12-31T16:00:00+00:00",
  "end_exclusive_utc": "2025-09-30T16:00:00+00:00",
  "total_count": 393120,
  "first_dt": "2025-01-01T00:00:00+08:00",
  "last_dt": "2025-09-30T23:59:00+08:00",
  "first_dt_utc": "2024-12-31T16:00:00+00:00",
  "last_dt_utc": "2025-09-30T15:59:00+00:00",
  "expected_count": 393120,
  "missing_count": 0,
  "gap_count": 0,
  "largest_gap": null,
  "missing_ranges": [],
  "repair_command": "python scripts/download_okx_history.py --vt-symbol BTCUSDT_SWAP_OKX.GLOBAL --interval 1m --start 2025-01-01 --end 2025-09-30 --chunk-days 3 --timezone Asia/Shanghai --resume --repair-missing --source auto",
  "skipped": false,
  "strict": true
}
{"ts": "2026-05-04T08:55:26.722628+00:00", "level": "INFO", "logger": "backtest_okx_mhf", "message": "Backtest data check passed", "event": "backtest.data_check_complete", "fields": {"total_count": 393120}}
{"ts": "2026-05-04T08:55:26.723964+00:00", "level": "INFO", "logger": "backtest_okx_mhf", "message": "Starting backtest", "event": "backtest.start", "fields": {"vt_symbol": "BTCUSDT_SWAP_OKX.GLOBAL", "timezone": "Asia/Shanghai", "start": "2025-01-01T00:00:00+08:00", "end_exclusive": "2025-10-01T00:00:00+08:00", "end_display": "2025-09-30T23:59:00+08:00", "engine_start": "2025-01-01T00:00:00", "engine_end": "2025-09-30T23:59:00", "capital": 5000.0, "rate": 0.0, "absolute_slippage": 0.0, "size": 0.01, "pricetick": 0.1, "min_volume": 0.01}}
{"ts": "2026-05-04T08:55:26.724252+00:00", "level": "INFO", "logger": "backtest_okx_mhf", "message": "开始加载历史数据", "event": "backtest.engine"}
{"ts": "2026-05-04T08:55:26.724407+00:00", "level": "INFO", "logger": "backtest_okx_mhf", "message": "加载进度：# [0%]", "event": "backtest.engine"}
{"ts": "2026-05-04T08:55:28.018155+00:00", "level": "INFO", "logger": "backtest_okx_mhf", "message": "加载进度：# [10%]", "event": "backtest.engine"}
{"ts": "2026-05-04T08:55:29.313978+00:00", "level": "INFO", "logger": "backtest_okx_mhf", "message": "加载进度：## [20%]", "event": "backtest.engine"}
{"ts": "2026-05-04T08:55:30.625660+00:00", "level": "INFO", "logger": "backtest_okx_mhf", "message": "加载进度：### [30%]", "event": "backtest.engine"}
{"ts": "2026-05-04T08:55:32.039801+00:00", "level": "INFO", "logger": "backtest_okx_mhf", "message": "加载进度：#### [40%]", "event": "backtest.engine"}
{"ts": "2026-05-04T08:55:33.332252+00:00", "level": "INFO", "logger": "backtest_okx_mhf", "message": "加载进度：##### [50%]", "event": "backtest.engine"}
{"ts": "2026-05-04T08:55:34.884563+00:00", "level": "INFO", "logger": "backtest_okx_mhf", "message": "加载进度：###### [60%]", "event": "backtest.engine"}
{"ts": "2026-05-04T08:55:36.366955+00:00", "level": "INFO", "logger": "backtest_okx_mhf", "message": "加载进度：####### [69%]", "event": "backtest.engine"}
{"ts": "2026-05-04T08:55:37.756885+00:00", "level": "INFO", "logger": "backtest_okx_mhf", "message": "加载进度：######## [79%]", "event": "backtest.engine"}
{"ts": "2026-05-04T08:55:39.168291+00:00", "level": "INFO", "logger": "backtest_okx_mhf", "message": "加载进度：######### [89%]", "event": "backtest.engine"}
{"ts": "2026-05-04T08:55:40.594047+00:00", "level": "INFO", "logger": "backtest_okx_mhf", "message": "加载进度：########## [99%]", "event": "backtest.engine"}
{"ts": "2026-05-04T08:55:41.019680+00:00", "level": "INFO", "logger": "backtest_okx_mhf", "message": "历史数据加载完成，数据量：393120", "event": "backtest.engine"}
{"ts": "2026-05-04T08:55:41.020662+00:00", "level": "INFO", "logger": "backtest_okx_mhf", "message": "策略初始化完成", "event": "backtest.engine"}
{"ts": "2026-05-04T08:55:41.020797+00:00", "level": "INFO", "logger": "backtest_okx_mhf", "message": "开始回放历史数据", "event": "backtest.engine"}
{"ts": "2026-05-04T08:55:42.416695+00:00", "level": "INFO", "logger": "backtest_okx_mhf", "message": "回放进度：= [0%]", "event": "backtest.engine"}
{"ts": "2026-05-04T08:55:43.895300+00:00", "level": "INFO", "logger": "backtest_okx_mhf", "message": "回放进度：== [10%]", "event": "backtest.engine"}
{"ts": "2026-05-04T08:55:45.347687+00:00", "level": "INFO", "logger": "backtest_okx_mhf", "message": "回放进度：=== [20%]", "event": "backtest.engine"}
{"ts": "2026-05-04T08:55:46.800910+00:00", "level": "INFO", "logger": "backtest_okx_mhf", "message": "回放进度：==== [30%]", "event": "backtest.engine"}
{"ts": "2026-05-04T08:55:48.239928+00:00", "level": "INFO", "logger": "backtest_okx_mhf", "message": "回放进度：===== [40%]", "event": "backtest.engine"}
{"ts": "2026-05-04T08:55:49.635339+00:00", "level": "INFO", "logger": "backtest_okx_mhf", "message": "回放进度：====== [50%]", "event": "backtest.engine"}
{"ts": "2026-05-04T08:55:51.096272+00:00", "level": "INFO", "logger": "backtest_okx_mhf", "message": "回放进度：======= [60%]", "event": "backtest.engine"}
{"ts": "2026-05-04T08:55:52.551958+00:00", "level": "INFO", "logger": "backtest_okx_mhf", "message": "回放进度：======== [70%]", "event": "backtest.engine"}
{"ts": "2026-05-04T08:55:54.000660+00:00", "level": "INFO", "logger": "backtest_okx_mhf", "message": "回放进度：========= [80%]", "event": "backtest.engine"}
{"ts": "2026-05-04T08:55:55.437129+00:00", "level": "INFO", "logger": "backtest_okx_mhf", "message": "回放进度：========== [90%]", "event": "backtest.engine"}
{"ts": "2026-05-04T08:55:55.437377+00:00", "level": "INFO", "logger": "backtest_okx_mhf", "message": "历史数据回放结束", "event": "backtest.engine"}
{"ts": "2026-05-04T08:55:55.438070+00:00", "level": "INFO", "logger": "backtest_okx_mhf", "message": "开始计算逐日盯市盈亏", "event": "backtest.engine"}
{"ts": "2026-05-04T08:55:55.445754+00:00", "level": "INFO", "logger": "backtest_okx_mhf", "message": "逐日盯市盈亏计算完成", "event": "backtest.engine"}
{"ts": "2026-05-04T08:55:55.460611+00:00", "level": "INFO", "logger": "backtest_okx_mhf", "message": "开始计算策略统计指标", "event": "backtest.engine"}
{"ts": "2026-05-04T08:55:55.465569+00:00", "level": "INFO", "logger": "backtest_okx_mhf", "message": "策略统计指标计算完成", "event": "backtest.engine"}
Backtest summary:
{
  "warning": "标准 vn.py CTA BacktestingEngine 未自动计入 OKX perpetual funding fee，本结果仅包含价格盈亏、手续费、滑点等常规项。",
  "output_dir": "/home/yiast/vnpy_projects/cta_strategy/reports/ablation/train/candidates/04_no_weekend/no_cost",
  "bankrupt": false,
  "statistics_valid": true,
  "invalid_reason": null,
  "first_bankrupt_date": null,
  "min_balance": 4992.50045,
  "final_balance": 4993.09015,
  "engine_trade_count": 3594,
  "closed_round_trip_count": 1797,
  "order_count": 3630,
  "total_net_pnl": -6.909850000000178,
  "annual_return": -0.12149186813186415,
  "max_drawdown": -7.471360000000459,
  "max_ddpercent": -0.14942804247531266,
  "sharpe_ratio": -2.92046140776158,
  "return_drawdown_ratio": -0.9248397938614988,
  "win_rate": 37.95214245965498,
  "profit_loss_ratio": 1.3016354517134605,
  "statistics_total_trade_count": 3594,
  "export_errors": {}
}
