{"ts": "2026-05-04T09:10:09.920823+00:00", "level": "INFO", "logger": "backtest_okx_mhf", "message": "Applied temporary strategy setting overrides", "event": "backtest.strategy_setting_override", "fields": {"setting_overrides": {"enable_short": false, "entry_filter_tag": "long_only"}}}
{"ts": "2026-05-04T09:10:09.921109+00:00", "level": "INFO", "logger": "backtest_okx_mhf", "message": "Filled strategy placeholders from instrument metadata / CLI capital", "event": "backtest.strategy_setting_filled", "fields": {"replacements": {"contract_size": 0.01, "min_volume": 0.01, "pricetick": 0.1}}}
{"ts": "2026-05-04T09:10:09.922598+00:00", "level": "INFO", "logger": "backtest_okx_mhf", "message": "Configured vn.py database settings for sqlite", "event": "backtest.db_settings", "fields": {"database_name": "sqlite", "database_database": "database.db"}}
Backtest data check:
{
  "vt_symbol": "BTCUSDT_SWAP_OKX.GLOBAL",
  "interval": "1m",
  "timezone": "Asia/Shanghai",
  "start": "2026-01-01T00:00:00+08:00",
  "end_exclusive": "2026-04-01T00:00:00+08:00",
  "end_display": "2026-03-31T23:59:00+08:00",
  "start_utc": "2025-12-31T16:00:00+00:00",
  "end_exclusive_utc": "2026-03-31T16:00:00+00:00",
  "total_count": 129600,
  "first_dt": "2026-01-01T00:00:00+08:00",
  "last_dt": "2026-03-31T23:59:00+08:00",
  "first_dt_utc": "2025-12-31T16:00:00+00:00",
  "last_dt_utc": "2026-03-31T15:59:00+00:00",
  "expected_count": 129600,
  "missing_count": 0,
  "gap_count": 0,
  "largest_gap": null,
  "missing_ranges": [],
  "repair_command": "python scripts/download_okx_history.py --vt-symbol BTCUSDT_SWAP_OKX.GLOBAL --interval 1m --start 2026-01-01 --end 2026-03-31 --chunk-days 3 --timezone Asia/Shanghai --resume --repair-missing --source auto",
  "skipped": false,
  "strict": true
}
{"ts": "2026-05-04T09:10:15.091503+00:00", "level": "INFO", "logger": "backtest_okx_mhf", "message": "Backtest data check passed", "event": "backtest.data_check_complete", "fields": {"total_count": 129600}}
{"ts": "2026-05-04T09:10:15.093041+00:00", "level": "INFO", "logger": "backtest_okx_mhf", "message": "Starting backtest", "event": "backtest.start", "fields": {"vt_symbol": "BTCUSDT_SWAP_OKX.GLOBAL", "timezone": "Asia/Shanghai", "start": "2026-01-01T00:00:00+08:00", "end_exclusive": "2026-04-01T00:00:00+08:00", "end_display": "2026-03-31T23:59:00+08:00", "engine_start": "2026-01-01T00:00:00", "engine_end": "2026-03-31T23:59:00", "capital": 5000.0, "rate": 0.0, "absolute_slippage": 0.0, "size": 0.01, "pricetick": 0.1, "min_volume": 0.01}}
{"ts": "2026-05-04T09:10:15.093454+00:00", "level": "INFO", "logger": "backtest_okx_mhf", "message": "开始加载历史数据", "event": "backtest.engine"}
{"ts": "2026-05-04T09:10:15.093614+00:00", "level": "INFO", "logger": "backtest_okx_mhf", "message": "加载进度：# [0%]", "event": "backtest.engine"}
{"ts": "2026-05-04T09:10:15.437986+00:00", "level": "INFO", "logger": "backtest_okx_mhf", "message": "加载进度：# [9%]", "event": "backtest.engine"}
{"ts": "2026-05-04T09:10:15.771580+00:00", "level": "INFO", "logger": "backtest_okx_mhf", "message": "加载进度：## [18%]", "event": "backtest.engine"}
{"ts": "2026-05-04T09:10:16.230324+00:00", "level": "INFO", "logger": "backtest_okx_mhf", "message": "加载进度：### [27%]", "event": "backtest.engine"}
{"ts": "2026-05-04T09:10:16.603410+00:00", "level": "INFO", "logger": "backtest_okx_mhf", "message": "加载进度：#### [36%]", "event": "backtest.engine"}
{"ts": "2026-05-04T09:10:16.997661+00:00", "level": "INFO", "logger": "backtest_okx_mhf", "message": "加载进度：##### [45%]", "event": "backtest.engine"}
{"ts": "2026-05-04T09:10:17.411049+00:00", "level": "INFO", "logger": "backtest_okx_mhf", "message": "加载进度：###### [54%]", "event": "backtest.engine"}
{"ts": "2026-05-04T09:10:17.749439+00:00", "level": "INFO", "logger": "backtest_okx_mhf", "message": "加载进度：####### [63%]", "event": "backtest.engine"}
{"ts": "2026-05-04T09:10:18.175622+00:00", "level": "INFO", "logger": "backtest_okx_mhf", "message": "加载进度：######## [72%]", "event": "backtest.engine"}
{"ts": "2026-05-04T09:10:18.548559+00:00", "level": "INFO", "logger": "backtest_okx_mhf", "message": "加载进度：######### [81%]", "event": "backtest.engine"}
{"ts": "2026-05-04T09:10:18.973993+00:00", "level": "INFO", "logger": "backtest_okx_mhf", "message": "加载进度：######### [90%]", "event": "backtest.engine"}
{"ts": "2026-05-04T09:10:19.413093+00:00", "level": "INFO", "logger": "backtest_okx_mhf", "message": "加载进度：########## [99%]", "event": "backtest.engine"}
{"ts": "2026-05-04T09:10:19.497942+00:00", "level": "INFO", "logger": "backtest_okx_mhf", "message": "历史数据加载完成，数据量：129600", "event": "backtest.engine"}
{"ts": "2026-05-04T09:10:20.445542+00:00", "level": "INFO", "logger": "backtest_okx_mhf", "message": "策略初始化完成", "event": "backtest.engine"}
{"ts": "2026-05-04T09:10:20.445778+00:00", "level": "INFO", "logger": "backtest_okx_mhf", "message": "开始回放历史数据", "event": "backtest.engine"}
{"ts": "2026-05-04T09:10:20.947149+00:00", "level": "INFO", "logger": "backtest_okx_mhf", "message": "回放进度：= [0%]", "event": "backtest.engine"}
{"ts": "2026-05-04T09:10:21.426942+00:00", "level": "INFO", "logger": "backtest_okx_mhf", "message": "回放进度：== [10%]", "event": "backtest.engine"}
{"ts": "2026-05-04T09:10:21.906236+00:00", "level": "INFO", "logger": "backtest_okx_mhf", "message": "回放进度：=== [20%]", "event": "backtest.engine"}
{"ts": "2026-05-04T09:10:22.387183+00:00", "level": "INFO", "logger": "backtest_okx_mhf", "message": "回放进度：==== [30%]", "event": "backtest.engine"}
{"ts": "2026-05-04T09:10:23.021856+00:00", "level": "INFO", "logger": "backtest_okx_mhf", "message": "回放进度：===== [40%]", "event": "backtest.engine"}
{"ts": "2026-05-04T09:10:23.532932+00:00", "level": "INFO", "logger": "backtest_okx_mhf", "message": "回放进度：====== [50%]", "event": "backtest.engine"}
{"ts": "2026-05-04T09:10:24.086697+00:00", "level": "INFO", "logger": "backtest_okx_mhf", "message": "回放进度：======= [60%]", "event": "backtest.engine"}
{"ts": "2026-05-04T09:10:24.658756+00:00", "level": "INFO", "logger": "backtest_okx_mhf", "message": "回放进度：======== [70%]", "event": "backtest.engine"}
{"ts": "2026-05-04T09:10:25.208713+00:00", "level": "INFO", "logger": "backtest_okx_mhf", "message": "回放进度：========= [80%]", "event": "backtest.engine"}
{"ts": "2026-05-04T09:10:25.721621+00:00", "level": "INFO", "logger": "backtest_okx_mhf", "message": "回放进度：========== [90%]", "event": "backtest.engine"}
{"ts": "2026-05-04T09:10:25.721909+00:00", "level": "INFO", "logger": "backtest_okx_mhf", "message": "历史数据回放结束", "event": "backtest.engine"}
{"ts": "2026-05-04T09:10:25.722336+00:00", "level": "INFO", "logger": "backtest_okx_mhf", "message": "开始计算逐日盯市盈亏", "event": "backtest.engine"}
{"ts": "2026-05-04T09:10:25.726770+00:00", "level": "INFO", "logger": "backtest_okx_mhf", "message": "逐日盯市盈亏计算完成", "event": "backtest.engine"}
{"ts": "2026-05-04T09:10:25.738231+00:00", "level": "INFO", "logger": "backtest_okx_mhf", "message": "开始计算策略统计指标", "event": "backtest.engine"}
{"ts": "2026-05-04T09:10:25.744305+00:00", "level": "INFO", "logger": "backtest_okx_mhf", "message": "策略统计指标计算完成", "event": "backtest.engine"}
Backtest summary:
{
  "warning": "标准 vn.py CTA BacktestingEngine 未自动计入 OKX perpetual funding fee，本结果仅包含价格盈亏、手续费、滑点等常规项。",
  "output_dir": "/home/yiast/vnpy_projects/cta_strategy/reports/ablation/oos/candidates/02_long_only/no_cost",
  "bankrupt": false,
  "statistics_valid": true,
  "invalid_reason": null,
  "first_bankrupt_date": null,
  "min_balance": 4994.13386,
  "final_balance": 4994.13822,
  "engine_trade_count": 888,
  "closed_round_trip_count": 444,
  "order_count": 899,
  "total_net_pnl": -5.861780000000041,
  "annual_return": -0.3126282666666628,
  "max_drawdown": -5.762220000000525,
  "max_ddpercent": -0.11524679528940379,
  "sharpe_ratio": -8.62730645815764,
  "return_drawdown_ratio": -1.0172569198614203,
  "win_rate": 27.47747747747748,
  "profit_loss_ratio": 1.0264889611973762,
  "statistics_total_trade_count": 888,
  "export_errors": {}
}
