{"ts": "2026-05-04T09:14:32.456774+00:00", "level": "INFO", "logger": "backtest_okx_mhf", "message": "Applied temporary strategy setting overrides", "event": "backtest.strategy_setting_override", "fields": {"setting_overrides": {"entry_filter_tag": "weekday_no_worst_hours", "entry_hour_blocklist": "0,4,8,11,12,13,16,18,19,21", "entry_weekday_allowlist": "0,1,2,3,4"}}}
{"ts": "2026-05-04T09:14:32.457051+00:00", "level": "INFO", "logger": "backtest_okx_mhf", "message": "Filled strategy placeholders from instrument metadata / CLI capital", "event": "backtest.strategy_setting_filled", "fields": {"replacements": {"contract_size": 0.01, "min_volume": 0.01, "pricetick": 0.1}}}
{"ts": "2026-05-04T09:14:32.458363+00:00", "level": "INFO", "logger": "backtest_okx_mhf", "message": "Configured vn.py database settings for sqlite", "event": "backtest.db_settings", "fields": {"database_name": "sqlite", "database_database": "database.db"}}
Backtest data check:
{
  "vt_symbol": "BTCUSDT_SWAP_OKX.GLOBAL",
  "interval": "1m",
  "timezone": "Asia/Shanghai",
  "start": "2026-01-01T00:00:00+08:00",
  "end_exclusive": "2026-04-01T00:00:00+08:00",
  "end_display": "2026-03-31T23:59:00+08:00",
  "start_utc": "2025-12-31T16:00:00+00:00",
  "end_exclusive_utc": "2026-03-31T16:00:00+00:00",
  "total_count": 129600,
  "first_dt": "2026-01-01T00:00:00+08:00",
  "last_dt": "2026-03-31T23:59:00+08:00",
  "first_dt_utc": "2025-12-31T16:00:00+00:00",
  "last_dt_utc": "2026-03-31T15:59:00+00:00",
  "expected_count": 129600,
  "missing_count": 0,
  "gap_count": 0,
  "largest_gap": null,
  "missing_ranges": [],
  "repair_command": "python scripts/download_okx_history.py --vt-symbol BTCUSDT_SWAP_OKX.GLOBAL --interval 1m --start 2026-01-01 --end 2026-03-31 --chunk-days 3 --timezone Asia/Shanghai --resume --repair-missing --source auto",
  "skipped": false,
  "strict": true
}
{"ts": "2026-05-04T09:14:37.694236+00:00", "level": "INFO", "logger": "backtest_okx_mhf", "message": "Backtest data check passed", "event": "backtest.data_check_complete", "fields": {"total_count": 129600}}
{"ts": "2026-05-04T09:14:37.695348+00:00", "level": "INFO", "logger": "backtest_okx_mhf", "message": "Starting backtest", "event": "backtest.start", "fields": {"vt_symbol": "BTCUSDT_SWAP_OKX.GLOBAL", "timezone": "Asia/Shanghai", "start": "2026-01-01T00:00:00+08:00", "end_exclusive": "2026-04-01T00:00:00+08:00", "end_display": "2026-03-31T23:59:00+08:00", "engine_start": "2026-01-01T00:00:00", "engine_end": "2026-03-31T23:59:00", "capital": 5000.0, "rate": 0.0005, "absolute_slippage": 0.2, "size": 0.01, "pricetick": 0.1, "min_volume": 0.01}}
{"ts": "2026-05-04T09:14:37.695669+00:00", "level": "INFO", "logger": "backtest_okx_mhf", "message": "开始加载历史数据", "event": "backtest.engine"}
{"ts": "2026-05-04T09:14:37.695878+00:00", "level": "INFO", "logger": "backtest_okx_mhf", "message": "加载进度：# [0%]", "event": "backtest.engine"}
{"ts": "2026-05-04T09:14:38.062688+00:00", "level": "INFO", "logger": "backtest_okx_mhf", "message": "加载进度：# [9%]", "event": "backtest.engine"}
{"ts": "2026-05-04T09:14:38.448811+00:00", "level": "INFO", "logger": "backtest_okx_mhf", "message": "加载进度：## [18%]", "event": "backtest.engine"}
{"ts": "2026-05-04T09:14:38.884708+00:00", "level": "INFO", "logger": "backtest_okx_mhf", "message": "加载进度：### [27%]", "event": "backtest.engine"}
{"ts": "2026-05-04T09:14:39.240712+00:00", "level": "INFO", "logger": "backtest_okx_mhf", "message": "加载进度：#### [36%]", "event": "backtest.engine"}
{"ts": "2026-05-04T09:14:39.647737+00:00", "level": "INFO", "logger": "backtest_okx_mhf", "message": "加载进度：##### [45%]", "event": "backtest.engine"}
{"ts": "2026-05-04T09:14:40.099072+00:00", "level": "INFO", "logger": "backtest_okx_mhf", "message": "加载进度：###### [54%]", "event": "backtest.engine"}
{"ts": "2026-05-04T09:14:40.446942+00:00", "level": "INFO", "logger": "backtest_okx_mhf", "message": "加载进度：####### [63%]", "event": "backtest.engine"}
{"ts": "2026-05-04T09:14:40.902706+00:00", "level": "INFO", "logger": "backtest_okx_mhf", "message": "加载进度：######## [72%]", "event": "backtest.engine"}
{"ts": "2026-05-04T09:14:41.256510+00:00", "level": "INFO", "logger": "backtest_okx_mhf", "message": "加载进度：######### [81%]", "event": "backtest.engine"}
{"ts": "2026-05-04T09:14:41.687148+00:00", "level": "INFO", "logger": "backtest_okx_mhf", "message": "加载进度：######### [90%]", "event": "backtest.engine"}
{"ts": "2026-05-04T09:14:42.139395+00:00", "level": "INFO", "logger": "backtest_okx_mhf", "message": "加载进度：########## [99%]", "event": "backtest.engine"}
{"ts": "2026-05-04T09:14:42.225111+00:00", "level": "INFO", "logger": "backtest_okx_mhf", "message": "历史数据加载完成，数据量：129600", "event": "backtest.engine"}
{"ts": "2026-05-04T09:14:43.231859+00:00", "level": "INFO", "logger": "backtest_okx_mhf", "message": "策略初始化完成", "event": "backtest.engine"}
{"ts": "2026-05-04T09:14:43.232102+00:00", "level": "INFO", "logger": "backtest_okx_mhf", "message": "开始回放历史数据", "event": "backtest.engine"}
{"ts": "2026-05-04T09:14:43.735400+00:00", "level": "INFO", "logger": "backtest_okx_mhf", "message": "回放进度：= [0%]", "event": "backtest.engine"}
{"ts": "2026-05-04T09:14:44.269771+00:00", "level": "INFO", "logger": "backtest_okx_mhf", "message": "回放进度：== [10%]", "event": "backtest.engine"}
{"ts": "2026-05-04T09:14:44.784524+00:00", "level": "INFO", "logger": "backtest_okx_mhf", "message": "回放进度：=== [20%]", "event": "backtest.engine"}
{"ts": "2026-05-04T09:14:45.343081+00:00", "level": "INFO", "logger": "backtest_okx_mhf", "message": "回放进度：==== [30%]", "event": "backtest.engine"}
{"ts": "2026-05-04T09:14:45.855842+00:00", "level": "INFO", "logger": "backtest_okx_mhf", "message": "回放进度：===== [40%]", "event": "backtest.engine"}
{"ts": "2026-05-04T09:14:46.395039+00:00", "level": "INFO", "logger": "backtest_okx_mhf", "message": "回放进度：====== [50%]", "event": "backtest.engine"}
{"ts": "2026-05-04T09:14:46.939696+00:00", "level": "INFO", "logger": "backtest_okx_mhf", "message": "回放进度：======= [60%]", "event": "backtest.engine"}
{"ts": "2026-05-04T09:14:47.479951+00:00", "level": "INFO", "logger": "backtest_okx_mhf", "message": "回放进度：======== [70%]", "event": "backtest.engine"}
{"ts": "2026-05-04T09:14:47.982500+00:00", "level": "INFO", "logger": "backtest_okx_mhf", "message": "回放进度：========= [80%]", "event": "backtest.engine"}
{"ts": "2026-05-04T09:14:48.497263+00:00", "level": "INFO", "logger": "backtest_okx_mhf", "message": "回放进度：========== [90%]", "event": "backtest.engine"}
{"ts": "2026-05-04T09:14:48.497535+00:00", "level": "INFO", "logger": "backtest_okx_mhf", "message": "历史数据回放结束", "event": "backtest.engine"}
{"ts": "2026-05-04T09:14:48.497860+00:00", "level": "INFO", "logger": "backtest_okx_mhf", "message": "开始计算逐日盯市盈亏", "event": "backtest.engine"}
{"ts": "2026-05-04T09:14:48.501508+00:00", "level": "INFO", "logger": "backtest_okx_mhf", "message": "逐日盯市盈亏计算完成", "event": "backtest.engine"}
{"ts": "2026-05-04T09:14:48.511065+00:00", "level": "INFO", "logger": "backtest_okx_mhf", "message": "开始计算策略统计指标", "event": "backtest.engine"}
{"ts": "2026-05-04T09:14:48.516036+00:00", "level": "INFO", "logger": "backtest_okx_mhf", "message": "策略统计指标计算完成", "event": "backtest.engine"}
Backtest summary:
{
  "warning": "标准 vn.py CTA BacktestingEngine 未自动计入 OKX perpetual funding fee，本结果仅包含价格盈亏、手续费、滑点等常规项。",
  "output_dir": "/home/yiast/vnpy_projects/cta_strategy/reports/ablation/oos/candidates/09_weekday_no_worst_hours/cost",
  "bankrupt": false,
  "statistics_valid": true,
  "invalid_reason": null,
  "first_bankrupt_date": null,
  "min_balance": 4993.247916965,
  "final_balance": 4993.247916965,
  "engine_trade_count": 892,
  "closed_round_trip_count": 446,
  "order_count": 906,
  "total_net_pnl": -6.75208303500005,
  "annual_return": -0.36011109520002194,
  "max_drawdown": -6.619969375000437,
  "max_ddpercent": -0.13240288594598013,
  "sharpe_ratio": -10.179797992093041,
  "return_drawdown_ratio": -1.0199298885003512,
  "win_rate": 30.94170403587444,
  "profit_loss_ratio": 1.306129999100896,
  "statistics_total_trade_count": 892,
  "export_errors": {}
}
