{"ts": "2026-05-04T08:57:29.126344+00:00", "level": "INFO", "logger": "backtest_okx_mhf", "message": "Applied temporary strategy setting overrides", "event": "backtest.strategy_setting_override", "fields": {"setting_overrides": {"entry_filter_tag": "weekdays_only", "entry_weekday_allowlist": "0,1,2,3,4"}}}
{"ts": "2026-05-04T08:57:29.126594+00:00", "level": "INFO", "logger": "backtest_okx_mhf", "message": "Filled strategy placeholders from instrument metadata / CLI capital", "event": "backtest.strategy_setting_filled", "fields": {"replacements": {"contract_size": 0.01, "min_volume": 0.01, "pricetick": 0.1}}}
{"ts": "2026-05-04T08:57:29.128117+00:00", "level": "INFO", "logger": "backtest_okx_mhf", "message": "Configured vn.py database settings for sqlite", "event": "backtest.db_settings", "fields": {"database_name": "sqlite", "database_database": "database.db"}}
Backtest data check:
{
  "vt_symbol": "BTCUSDT_SWAP_OKX.GLOBAL",
  "interval": "1m",
  "timezone": "Asia/Shanghai",
  "start": "2025-01-01T00:00:00+08:00",
  "end_exclusive": "2025-10-01T00:00:00+08:00",
  "end_display": "2025-09-30T23:59:00+08:00",
  "start_utc": "2024-12-31T16:00:00+00:00",
  "end_exclusive_utc": "2025-09-30T16:00:00+00:00",
  "total_count": 393120,
  "first_dt": "2025-01-01T00:00:00+08:00",
  "last_dt": "2025-09-30T23:59:00+08:00",
  "first_dt_utc": "2024-12-31T16:00:00+00:00",
  "last_dt_utc": "2025-09-30T15:59:00+00:00",
  "expected_count": 393120,
  "missing_count": 0,
  "gap_count": 0,
  "largest_gap": null,
  "missing_ranges": [],
  "repair_command": "python scripts/download_okx_history.py --vt-symbol BTCUSDT_SWAP_OKX.GLOBAL --interval 1m --start 2025-01-01 --end 2025-09-30 --chunk-days 3 --timezone Asia/Shanghai --resume --repair-missing --source auto",
  "skipped": false,
  "strict": true
}
{"ts": "2026-05-04T08:57:46.332301+00:00", "level": "INFO", "logger": "backtest_okx_mhf", "message": "Backtest data check passed", "event": "backtest.data_check_complete", "fields": {"total_count": 393120}}
{"ts": "2026-05-04T08:57:46.334315+00:00", "level": "INFO", "logger": "backtest_okx_mhf", "message": "Starting backtest", "event": "backtest.start", "fields": {"vt_symbol": "BTCUSDT_SWAP_OKX.GLOBAL", "timezone": "Asia/Shanghai", "start": "2025-01-01T00:00:00+08:00", "end_exclusive": "2025-10-01T00:00:00+08:00", "end_display": "2025-09-30T23:59:00+08:00", "engine_start": "2025-01-01T00:00:00", "engine_end": "2025-09-30T23:59:00", "capital": 5000.0, "rate": 0.0005, "absolute_slippage": 0.2, "size": 0.01, "pricetick": 0.1, "min_volume": 0.01}}
{"ts": "2026-05-04T08:57:46.334980+00:00", "level": "INFO", "logger": "backtest_okx_mhf", "message": "开始加载历史数据", "event": "backtest.engine"}
{"ts": "2026-05-04T08:57:46.335276+00:00", "level": "INFO", "logger": "backtest_okx_mhf", "message": "加载进度：# [0%]", "event": "backtest.engine"}
{"ts": "2026-05-04T08:57:48.344322+00:00", "level": "INFO", "logger": "backtest_okx_mhf", "message": "加载进度：# [10%]", "event": "backtest.engine"}
{"ts": "2026-05-04T08:57:50.162814+00:00", "level": "INFO", "logger": "backtest_okx_mhf", "message": "加载进度：## [20%]", "event": "backtest.engine"}
{"ts": "2026-05-04T08:57:52.215747+00:00", "level": "INFO", "logger": "backtest_okx_mhf", "message": "加载进度：### [30%]", "event": "backtest.engine"}
{"ts": "2026-05-04T08:57:54.225215+00:00", "level": "INFO", "logger": "backtest_okx_mhf", "message": "加载进度：#### [40%]", "event": "backtest.engine"}
{"ts": "2026-05-04T08:57:56.093309+00:00", "level": "INFO", "logger": "backtest_okx_mhf", "message": "加载进度：##### [50%]", "event": "backtest.engine"}
{"ts": "2026-05-04T08:57:58.395974+00:00", "level": "INFO", "logger": "backtest_okx_mhf", "message": "加载进度：###### [60%]", "event": "backtest.engine"}
{"ts": "2026-05-04T08:58:00.963098+00:00", "level": "INFO", "logger": "backtest_okx_mhf", "message": "加载进度：####### [69%]", "event": "backtest.engine"}
{"ts": "2026-05-04T08:58:03.270362+00:00", "level": "INFO", "logger": "backtest_okx_mhf", "message": "加载进度：######## [79%]", "event": "backtest.engine"}
{"ts": "2026-05-04T08:58:05.317184+00:00", "level": "INFO", "logger": "backtest_okx_mhf", "message": "加载进度：######### [89%]", "event": "backtest.engine"}
{"ts": "2026-05-04T08:58:07.362200+00:00", "level": "INFO", "logger": "backtest_okx_mhf", "message": "加载进度：########## [99%]", "event": "backtest.engine"}
{"ts": "2026-05-04T08:58:07.895999+00:00", "level": "INFO", "logger": "backtest_okx_mhf", "message": "历史数据加载完成，数据量：393120", "event": "backtest.engine"}
{"ts": "2026-05-04T08:58:07.897319+00:00", "level": "INFO", "logger": "backtest_okx_mhf", "message": "策略初始化完成", "event": "backtest.engine"}
{"ts": "2026-05-04T08:58:07.897541+00:00", "level": "INFO", "logger": "backtest_okx_mhf", "message": "开始回放历史数据", "event": "backtest.engine"}
{"ts": "2026-05-04T08:58:09.927728+00:00", "level": "INFO", "logger": "backtest_okx_mhf", "message": "回放进度：= [0%]", "event": "backtest.engine"}
{"ts": "2026-05-04T08:58:11.748115+00:00", "level": "INFO", "logger": "backtest_okx_mhf", "message": "回放进度：== [10%]", "event": "backtest.engine"}
{"ts": "2026-05-04T08:58:13.457097+00:00", "level": "INFO", "logger": "backtest_okx_mhf", "message": "回放进度：=== [20%]", "event": "backtest.engine"}
{"ts": "2026-05-04T08:58:15.118185+00:00", "level": "INFO", "logger": "backtest_okx_mhf", "message": "回放进度：==== [30%]", "event": "backtest.engine"}
{"ts": "2026-05-04T08:58:16.797077+00:00", "level": "INFO", "logger": "backtest_okx_mhf", "message": "回放进度：===== [40%]", "event": "backtest.engine"}
{"ts": "2026-05-04T08:58:18.651816+00:00", "level": "INFO", "logger": "backtest_okx_mhf", "message": "回放进度：====== [50%]", "event": "backtest.engine"}
{"ts": "2026-05-04T08:58:20.390212+00:00", "level": "INFO", "logger": "backtest_okx_mhf", "message": "回放进度：======= [60%]", "event": "backtest.engine"}
{"ts": "2026-05-04T08:58:22.069405+00:00", "level": "INFO", "logger": "backtest_okx_mhf", "message": "回放进度：======== [70%]", "event": "backtest.engine"}
{"ts": "2026-05-04T08:58:23.636902+00:00", "level": "INFO", "logger": "backtest_okx_mhf", "message": "回放进度：========= [80%]", "event": "backtest.engine"}
{"ts": "2026-05-04T08:58:25.342404+00:00", "level": "INFO", "logger": "backtest_okx_mhf", "message": "回放进度：========== [90%]", "event": "backtest.engine"}
{"ts": "2026-05-04T08:58:25.342640+00:00", "level": "INFO", "logger": "backtest_okx_mhf", "message": "历史数据回放结束", "event": "backtest.engine"}
{"ts": "2026-05-04T08:58:25.343373+00:00", "level": "INFO", "logger": "backtest_okx_mhf", "message": "开始计算逐日盯市盈亏", "event": "backtest.engine"}
{"ts": "2026-05-04T08:58:25.351091+00:00", "level": "INFO", "logger": "backtest_okx_mhf", "message": "逐日盯市盈亏计算完成", "event": "backtest.engine"}
{"ts": "2026-05-04T08:58:25.366901+00:00", "level": "INFO", "logger": "backtest_okx_mhf", "message": "开始计算策略统计指标", "event": "backtest.engine"}
{"ts": "2026-05-04T08:58:25.372259+00:00", "level": "INFO", "logger": "backtest_okx_mhf", "message": "策略统计指标计算完成", "event": "backtest.engine"}
Backtest summary:
{
  "warning": "标准 vn.py CTA BacktestingEngine 未自动计入 OKX perpetual funding fee，本结果仅包含价格盈亏、手续费、滑点等常规项。",
  "output_dir": "/home/yiast/vnpy_projects/cta_strategy/reports/ablation/train/candidates/05_weekdays_only/cost",
  "bankrupt": false,
  "statistics_valid": true,
  "invalid_reason": null,
  "first_bankrupt_date": null,
  "min_balance": 4974.6151285549995,
  "final_balance": 4974.6151285549995,
  "engine_trade_count": 3594,
  "closed_round_trip_count": 1797,
  "order_count": 3630,
  "total_net_pnl": -25.38487144500018,
  "annual_return": -0.446327410021988,
  "max_drawdown": -25.33593456500057,
  "max_ddpercent": -0.5067236507949099,
  "sharpe_ratio": -9.900605328536688,
  "return_drawdown_ratio": -1.0019217143379313,
  "win_rate": 37.95214245965498,
  "profit_loss_ratio": 1.3016354517134605,
  "statistics_total_trade_count": 3594,
  "export_errors": {}
}
