{"ts": "2026-05-04T06:18:29.368100+00:00", "level": "INFO", "logger": "backtest_okx_mhf", "message": "Applied temporary strategy setting overrides", "event": "backtest.strategy_setting_override", "fields": {"setting_overrides": {"atr_window": 14, "breakout_window": 30, "capital_per_strategy": 5000, "contract_size": 0.0, "cooldown_bars": 10, "daily_loss_limit_pct": 0.02, "disable_after_bankrupt_guard": true, "disable_after_daily_loss": true, "fast_window": 12, "fixed_size": 0.01, "init_days": 10, "max_atr_pct_for_entry": 0.012, "max_hold_bars": 20, "max_leverage": 0.5, "max_notional_ratio": 0.5, "max_trades_per_day": 10, "max_volume": 0.0, "min_atr_pct_for_entry": 0.001, "min_bars_between_entries": 5, "min_breakout_atr": 0.1, "min_stop_pct": 0.0015, "min_volume": 0.0, "payup_ticks": 1, "pricetick": 0.0, "require_regime_persistence_bars": 2, "risk_per_trade": 0.0005, "rsi_long": 55, "rsi_short": 45, "rsi_window": 14, "slow_window": 48, "stop_atr": 1.2, "take_profit_atr": 2.4, "trail_atr": 1.8, "vol_ceiling": 0.02, "vol_floor": 0.001}}}
{"ts": "2026-05-04T06:18:29.368406+00:00", "level": "INFO", "logger": "backtest_okx_mhf", "message": "Filled strategy placeholders from instrument metadata / CLI capital", "event": "backtest.strategy_setting_filled", "fields": {"replacements": {"contract_size": 0.01, "min_volume": 0.01, "pricetick": 0.1}}}
{"ts": "2026-05-04T06:18:29.370274+00:00", "level": "INFO", "logger": "backtest_okx_mhf", "message": "Configured vn.py database settings for sqlite", "event": "backtest.db_settings", "fields": {"database_name": "sqlite", "database_database": "database.db"}}
Backtest data check:
{
  "vt_symbol": "BTCUSDT_SWAP_OKX.GLOBAL",
  "interval": "1m",
  "timezone": "Asia/Shanghai",
  "start": "2025-01-01T00:00:00+08:00",
  "end_exclusive": "2026-04-01T00:00:00+08:00",
  "end_display": "2026-03-31T23:59:00+08:00",
  "start_utc": "2024-12-31T16:00:00+00:00",
  "end_exclusive_utc": "2026-03-31T16:00:00+00:00",
  "total_count": 655200,
  "first_dt": "2025-01-01T00:00:00+08:00",
  "last_dt": "2026-03-31T23:59:00+08:00",
  "first_dt_utc": "2024-12-31T16:00:00+00:00",
  "last_dt_utc": "2026-03-31T15:59:00+00:00",
  "expected_count": 655200,
  "missing_count": 0,
  "gap_count": 0,
  "largest_gap": null,
  "missing_ranges": [],
  "repair_command": "python scripts/download_okx_history.py --vt-symbol BTCUSDT_SWAP_OKX.GLOBAL --interval 1m --start 2025-01-01 --end 2026-03-31 --chunk-days 3 --timezone Asia/Shanghai --resume --repair-missing --source auto",
  "skipped": false,
  "strict": true
}
{"ts": "2026-05-04T06:18:58.533612+00:00", "level": "INFO", "logger": "backtest_okx_mhf", "message": "Backtest data check passed", "event": "backtest.data_check_complete", "fields": {"total_count": 655200}}
{"ts": "2026-05-04T06:18:58.534987+00:00", "level": "INFO", "logger": "backtest_okx_mhf", "message": "Starting backtest", "event": "backtest.start", "fields": {"vt_symbol": "BTCUSDT_SWAP_OKX.GLOBAL", "timezone": "Asia/Shanghai", "start": "2025-01-01T00:00:00+08:00", "end_exclusive": "2026-04-01T00:00:00+08:00", "end_display": "2026-03-31T23:59:00+08:00", "engine_start": "2025-01-01T00:00:00", "engine_end": "2026-03-31T23:59:00", "capital": 5000.0, "rate": 0.0005, "absolute_slippage": 0.2, "size": 0.01, "pricetick": 0.1, "min_volume": 0.01}}
{"ts": "2026-05-04T06:18:58.535494+00:00", "level": "INFO", "logger": "backtest_okx_mhf", "message": "开始加载历史数据", "event": "backtest.engine"}
{"ts": "2026-05-04T06:18:58.535725+00:00", "level": "INFO", "logger": "backtest_okx_mhf", "message": "加载进度：# [0%]", "event": "backtest.engine"}
{"ts": "2026-05-04T06:19:01.156811+00:00", "level": "INFO", "logger": "backtest_okx_mhf", "message": "加载进度：# [10%]", "event": "backtest.engine"}
{"ts": "2026-05-04T06:19:03.418488+00:00", "level": "INFO", "logger": "backtest_okx_mhf", "message": "加载进度：## [20%]", "event": "backtest.engine"}
{"ts": "2026-05-04T06:19:05.765244+00:00", "level": "INFO", "logger": "backtest_okx_mhf", "message": "加载进度：### [30%]", "event": "backtest.engine"}
{"ts": "2026-05-04T06:19:08.151865+00:00", "level": "INFO", "logger": "backtest_okx_mhf", "message": "加载进度：#### [40%]", "event": "backtest.engine"}
{"ts": "2026-05-04T06:19:10.665656+00:00", "level": "INFO", "logger": "backtest_okx_mhf", "message": "加载进度：##### [50%]", "event": "backtest.engine"}
{"ts": "2026-05-04T06:19:14.374395+00:00", "level": "INFO", "logger": "backtest_okx_mhf", "message": "加载进度：###### [59%]", "event": "backtest.engine"}
{"ts": "2026-05-04T06:19:16.801272+00:00", "level": "INFO", "logger": "backtest_okx_mhf", "message": "加载进度：####### [69%]", "event": "backtest.engine"}
{"ts": "2026-05-04T06:19:19.555146+00:00", "level": "INFO", "logger": "backtest_okx_mhf", "message": "加载进度：######## [79%]", "event": "backtest.engine"}
{"ts": "2026-05-04T06:19:21.985280+00:00", "level": "INFO", "logger": "backtest_okx_mhf", "message": "加载进度：######### [89%]", "event": "backtest.engine"}
{"ts": "2026-05-04T06:19:24.843180+00:00", "level": "INFO", "logger": "backtest_okx_mhf", "message": "加载进度：########## [99%]", "event": "backtest.engine"}
{"ts": "2026-05-04T06:19:25.176018+00:00", "level": "INFO", "logger": "backtest_okx_mhf", "message": "历史数据加载完成，数据量：655200", "event": "backtest.engine"}
{"ts": "2026-05-04T06:19:25.177462+00:00", "level": "INFO", "logger": "backtest_okx_mhf", "message": "策略初始化完成", "event": "backtest.engine"}
{"ts": "2026-05-04T06:19:25.177682+00:00", "level": "INFO", "logger": "backtest_okx_mhf", "message": "开始回放历史数据", "event": "backtest.engine"}
{"ts": "2026-05-04T06:19:27.804348+00:00", "level": "INFO", "logger": "backtest_okx_mhf", "message": "回放进度：= [0%]", "event": "backtest.engine"}
{"ts": "2026-05-04T06:19:30.303109+00:00", "level": "INFO", "logger": "backtest_okx_mhf", "message": "回放进度：== [10%]", "event": "backtest.engine"}
{"ts": "2026-05-04T06:19:32.814662+00:00", "level": "INFO", "logger": "backtest_okx_mhf", "message": "回放进度：=== [20%]", "event": "backtest.engine"}
{"ts": "2026-05-04T06:19:35.403600+00:00", "level": "INFO", "logger": "backtest_okx_mhf", "message": "回放进度：==== [30%]", "event": "backtest.engine"}
{"ts": "2026-05-04T06:19:37.945554+00:00", "level": "INFO", "logger": "backtest_okx_mhf", "message": "回放进度：===== [40%]", "event": "backtest.engine"}
{"ts": "2026-05-04T06:19:40.747611+00:00", "level": "INFO", "logger": "backtest_okx_mhf", "message": "回放进度：====== [50%]", "event": "backtest.engine"}
{"ts": "2026-05-04T06:19:43.873324+00:00", "level": "INFO", "logger": "backtest_okx_mhf", "message": "回放进度：======= [60%]", "event": "backtest.engine"}
{"ts": "2026-05-04T06:19:47.641468+00:00", "level": "INFO", "logger": "backtest_okx_mhf", "message": "回放进度：======== [70%]", "event": "backtest.engine"}
{"ts": "2026-05-04T06:19:50.522389+00:00", "level": "INFO", "logger": "backtest_okx_mhf", "message": "回放进度：========= [80%]", "event": "backtest.engine"}
{"ts": "2026-05-04T06:19:54.797801+00:00", "level": "INFO", "logger": "backtest_okx_mhf", "message": "回放进度：========== [90%]", "event": "backtest.engine"}
{"ts": "2026-05-04T06:19:54.798107+00:00", "level": "INFO", "logger": "backtest_okx_mhf", "message": "历史数据回放结束", "event": "backtest.engine"}
{"ts": "2026-05-04T06:19:54.799116+00:00", "level": "INFO", "logger": "backtest_okx_mhf", "message": "开始计算逐日盯市盈亏", "event": "backtest.engine"}
{"ts": "2026-05-04T06:19:54.816378+00:00", "level": "INFO", "logger": "backtest_okx_mhf", "message": "逐日盯市盈亏计算完成", "event": "backtest.engine"}
{"ts": "2026-05-04T06:19:54.833351+00:00", "level": "INFO", "logger": "backtest_okx_mhf", "message": "开始计算策略统计指标", "event": "backtest.engine"}
{"ts": "2026-05-04T06:19:54.840388+00:00", "level": "INFO", "logger": "backtest_okx_mhf", "message": "策略统计指标计算完成", "event": "backtest.engine"}
Backtest summary:
{
  "warning": "标准 vn.py CTA BacktestingEngine 未自动计入 OKX perpetual funding fee，本结果仅包含价格盈亏、手续费、滑点等常规项。",
  "output_dir": "/home/yiast/vnpy_projects/cta_strategy/reports/alpha_sweep/main_20250101_20260331/candidates/01_baseline/cost",
  "bankrupt": false,
  "statistics_valid": true,
  "invalid_reason": null,
  "first_bankrupt_date": null,
  "min_balance": 4940.249948825,
  "final_balance": 4940.249948825,
  "engine_trade_count": 7888,
  "closed_round_trip_count": 3944,
  "order_count": 7988,
  "total_net_pnl": -59.75005117500038,
  "annual_return": -0.6303302101978068,
  "max_drawdown": -59.70111429500048,
  "max_ddpercent": -1.1940339723594537,
  "sharpe_ratio": -13.812343281962798,
  "return_drawdown_ratio": -1.0008099025345518,
  "win_rate": 35.26876267748479,
  "profit_loss_ratio": 1.3066535470513998,
  "statistics_total_trade_count": 7888,
  "export_errors": {}
}
